<?xml version="1.0" encoding="UTF-8" ?>
<testsuite tests="1" failures="0" name="by.jd2.library.AppTest" time="0.004" errors="0" skipped="0">
  <properties>
    <property name="PROCESSOR_ARCHITECTURE" value="AMD64"/>
    <property name="file.encoding.pkg" value="sun.io"/>
    <property name="LOGONSERVER" value="\\MicrosoftAccount"/>
    <property name="ProgramData" value="C:\ProgramData"/>
    <property name="java.home" value="C:\Program Files\Java\jdk1.8.0_40\jre"/>
    <property name="NODE_NAME" value="master"/>
    <property name="JENKINS_URL" value="http://localhost:8080/jenkins/"/>
    <property name="CATALINA_HOME" value="C:\xampp\tomcat"/>
    <property name="ALLUSERSPROFILE" value="C:\ProgramData"/>
    <property name="java.endorsed.dirs" value="C:\Program Files\Java\jdk1.8.0_40\jre\lib\endorsed"/>
    <property name="PSModulePath" value="C:\Windows\system32\WindowsPowerShell\v1.0\Modules\"/>
    <property name="JREKeyName64" value="HKEY_LOCAL_MACHINE\SOFTWARE\JavaSoft\Java Runtime Environment"/>
    <property name="=::" value="::\"/>
    <property name="USERDOMAIN" value="HOMEPC"/>
    <property name="sun.os.patch.level" value=""/>
    <property name="java.vendor.url" value="http://java.oracle.com/"/>
    <property name="JAVA_OPTS" value=" -Djava.util.logging.config.file=&quot;C:\xampp\tomcat\conf\logging.properties&quot; -Djava.util.logging.manager=org.apache.juli.ClassLoaderLogManager"/>
    <property name="CommonProgramFiles(x86)" value="C:\Program Files (x86)\Common Files"/>
    <property name="java.version" value="1.8.0_40"/>
    <property name="JOB_NAME" value="eLibrary"/>
    <property name="COMPUTERNAME" value="HOMEPC"/>
    <property name="java.vendor.url.bug" value="http://bugreport.sun.com/bugreport/"/>
    <property name="PUBLIC" value="C:\Users\Public"/>
    <property name="user.name" value="Иван"/>
    <property name="sun.io.unicode.encoding" value="UnicodeLittle"/>
    <property name="sun.jnu.encoding" value="Cp1251"/>
    <property name="java.runtime.name" value="Java(TM) SE Runtime Environment"/>
    <property name="windir" value="C:\Windows"/>
    <property name="PROCESSOR_IDENTIFIER" value="Intel64 Family 6 Model 42 Stepping 7, GenuineIntel"/>
    <property name="TASKCMD" value="TASKLIST /V"/>
    <property name="java.specification.name" value="Java Platform API Specification"/>
    <property name="LOCALAPPDATA" value="C:\Users\Иван\AppData\Local"/>
    <property name="user.timezone" value="Europe/Moscow"/>
    <property name="user.script" value=""/>
    <property name="path.separator" value=";"/>
    <property name="NUMBER_OF_PROCESSORS" value="2"/>
    <property name="BUILD_TAG" value="jenkins-eLibrary-3"/>
    <property name="file.encoding" value="Cp1251"/>
    <property name="sun.java.command" value="jenkins.maven3.agent.Maven31Main C:\Program Files (x86)\apache-maven-3.2.5 C:\xampp\tomcat\webapps\jenkins\WEB-INF\lib\remoting-2.50.jar C:\Users\Иван\.jenkins\plugins\maven-plugin\WEB-INF\lib\maven31-interceptor-1.5.jar C:\Users\Иван\.jenkins\plugins\maven-plugin\WEB-INF\lib\maven3-interceptor-commons-1.5.jar 54652"/>
    <property name="HUDSON_URL" value="http://localhost:8080/jenkins/"/>
    <property name="JENKINS_SERVER_COOKIE" value="132b1170fb2654de"/>
    <property name="EXECUTOR_NUMBER" value="0"/>
    <property name="Path" value="C:\Program Files\Java\jdk1.8.0_40/bin;C:\ProgramData\Oracle\Java\javapath;C:\Windows\system32;C:\Windows;C:\Windows\System32\Wbem;C:\Windows\System32\WindowsPowerShell\v1.0\;C:\Program Files (x86)\Skype\Phone\;C:\Program Files\Java\jdk1.8.0_40\bin;C:\Program Files (x86)\apache-maven-3.2.5\bin;C:\Program Files (x86)\NVIDIA Corporation\PhysX\Common;C:\sonar\sonar-runner-2.4\bin;"/>
    <property name="java.io.tmpdir" value="C:\Users\3C8A~1\AppData\Local\Temp\"/>
    <property name="APPDATA" value="C:\Users\Иван\AppData\Roaming"/>
    <property name="user.language" value="ru"/>
    <property name="CATALINA_TMPDIR" value="C:\xampp\tomcat\temp"/>
    <property name="line.separator" value="
"/>
    <property name="BUILD_URL" value="http://localhost:8080/jenkins/job/eLibrary/3/"/>
    <property name="JAVA_ENDORSED_DIRS" value="C:\xampp\tomcat\endorsed"/>
    <property name="JREKeyName32" value="HKEY_LOCAL_MACHINE\SOFTWARE\Wow6432Node\JavaSoft\Java Runtime Environment"/>
    <property name="ACTION" value="start"/>
    <property name="M2_HOME" value="C:\Program Files (x86)\apache-maven-3.2.5"/>
    <property name="=C:" value="c:\xampp"/>
    <property name="java.vm.info" value="mixed mode"/>
    <property name="sun.desktop" value="windows"/>
    <property name="java.vm.specification.name" value="Java Virtual Machine Specification"/>
    <property name="BUILD_DISPLAY_NAME" value="#3"/>
    <property name="OS" value="Windows_NT"/>
    <property name="guice.disable.misplaced.annotation.check" value="true"/>
    <property name="CATALINA_BASE" value="C:\xampp\tomcat"/>
    <property name="HUDSON_SERVER_COOKIE" value="132b1170fb2654de"/>
    <property name="JRE_HOME" value="C:\Program Files\Java\jdk1.8.0_40"/>
    <property name="_EXECJAVA" value="&quot;C:\Program Files\Java\jdk1.8.0_40\bin\java.exe&quot;"/>
    <property name="_RUNJAVA" value="&quot;C:\Program Files\Java\jdk1.8.0_40\bin\java.exe&quot;"/>
    <property name="MAVEN_HOME" value="C:\Program Files (x86)\apache-maven-3.2.5"/>
    <property name="SESSIONNAME" value="Console"/>
    <property name="PATHEXT" value=".COM;.EXE;.BAT;.CMD;.VBS;.VBE;.JS;.JSE;.WSF;.WSH;.MSC"/>
    <property name="java.awt.printerjob" value="sun.awt.windows.WPrinterJob"/>
    <property name="maven3.interceptor.common" value="C:\Users\Иван\.jenkins\plugins\maven-plugin\WEB-INF\lib\maven3-interceptor-commons-1.5.jar"/>
    <property name="CLASSPATH" value=""/>
    <property name="LOGGING_CONFIG" value="-Djava.util.logging.config.file=&quot;C:\xampp\tomcat\conf\logging.properties&quot;"/>
    <property name="HOMEPATH" value="\Users\Иван"/>
    <property name="FINDCMD" value="FIND /I"/>
    <property name="os.name" value="Windows 8.1"/>
    <property name="java.specification.vendor" value="Oracle Corporation"/>
    <property name="FP_NO_HOST_CHECK" value="NO"/>
    <property name="java.vm.name" value="Java HotSpot(TM) 64-Bit Server VM"/>
    <property name="BUILD_NUMBER" value="3"/>
    <property name="maven3.interceptor" value="C:\Users\Иван\.jenkins\plugins\maven-plugin\WEB-INF\lib\maven31-interceptor-1.5.jar"/>
    <property name="java.library.path" value="C:\Program Files\Java\jdk1.8.0_40\bin;C:\Windows\Sun\Java\bin;C:\Windows\system32;C:\Windows;C:\Program Files (x86)\apache-maven-3.2.5/bin;C:\Program Files\Java\jdk1.8.0_40/bin;C:\Program Files\Java\jdk1.8.0_40/bin;C:\ProgramData\Oracle\Java\javapath;C:\Windows\system32;C:\Windows;C:\Windows\System32\Wbem;C:\Windows\System32\WindowsPowerShell\v1.0\;C:\Program Files (x86)\Skype\Phone\;C:\Program Files\Java\jdk1.8.0_40\bin;C:\Program Files (x86)\apache-maven-3.2.5\bin;C:\Program Files (x86)\NVIDIA Corporation\PhysX\Common;C:\sonar\sonar-runner-2.4\bin;;."/>
    <property name="HOMEDRIVE" value="C:"/>
    <property name="POM_GROUPID" value="by.jd2.library"/>
    <property name="POM_ARTIFACTID" value="eLibrarySpring"/>
    <property name="java.class.version" value="52.0"/>
    <property name="LOGGING_MANAGER" value="-Djava.util.logging.manager=org.apache.juli.ClassLoaderLogManager"/>
    <property name="_RUNJDB" value="&quot;C:\Program Files\Java\jdk1.8.0_40\bin\jdb.exe&quot;"/>
    <property name="JOB_URL" value="http://localhost:8080/jenkins/job/eLibrary/"/>
    <property name="VBOX_MSI_INSTALL_PATH" value="C:\Program Files\Oracle\VirtualBox\"/>
    <property name="JDKKeyName64" value="HKEY_LOCAL_MACHINE\SOFTWARE\JavaSoft\Java Development Kit"/>
    <property name="MAINCLASS" value="org.apache.catalina.startup.Bootstrap"/>
    <property name="JENKINS_HOME" value="C:\Users\Иван\.jenkins"/>
    <property name="BUILD_ID" value="3"/>
    <property name="TEMP" value="C:\Users\3C8A~1\AppData\Local\Temp"/>
    <property name="sun.boot.library.path" value="C:\Program Files\Java\jdk1.8.0_40\jre\bin"/>
    <property name="KeyName" value="HKEY_LOCAL_MACHINE\SOFTWARE\JavaSoft\Java Development Kit"/>
    <property name="sun.management.compiler" value="HotSpot 64-Bit Tiered Compilers"/>
    <property name="java.awt.graphicsenv" value="sun.awt.Win32GraphicsEnvironment"/>
    <property name="user.variant" value=""/>
    <property name="PROCESSOR_REVISION" value="2a07"/>
    <property name="POM_VERSION" value="1.0-SNAPSHOT"/>
    <property name="HUDSON_HOME" value="C:\Users\Иван\.jenkins"/>
    <property name="ProgramFiles(x86)" value="C:\Program Files (x86)"/>
    <property name="PATH+MAVEN" value="C:\Program Files (x86)\apache-maven-3.2.5/bin"/>
    <property name="USERDOMAIN_ROAMINGPROFILE" value="HOMEPC"/>
    <property name="MyPID" value="1020"/>
    <property name="PROMPT" value="$P$G"/>
    <property name="CURRENT_DIR" value="C:\xampp"/>
    <property name="java.vm.specification.version" value="1.8"/>
    <property name="JAVA_HOME" value="C:\Program Files\Java\jdk1.8.0_40"/>
    <property name="awt.toolkit" value="sun.awt.windows.WToolkit"/>
    <property name="NODE_LABELS" value="master"/>
    <property name="sun.cpu.isalist" value="amd64"/>
    <property name="USERPROFILE" value="C:\Users\Иван"/>
    <property name="java.ext.dirs" value="C:\Program Files\Java\jdk1.8.0_40\jre\lib\ext;C:\Windows\Sun\Java\lib\ext"/>
    <property name="os.version" value="6.3"/>
    <property name="user.home" value="C:\Users\Иван"/>
    <property name="USERNAME" value="Иван"/>
    <property name="java.vm.vendor" value="Oracle Corporation"/>
    <property name="PROCESSOR_LEVEL" value="6"/>
    <property name="CommonProgramW6432" value="C:\Program Files\Common Files"/>
    <property name="SONAR_RUNNER_HOME" value="C:\sonar\sonar-runner-2.4"/>
    <property name="user.dir" value="C:\Users\Иван\Documents\workspace-sts-3.6.4.RELEASE\eLibrarySpring-master"/>
    <property name="ProgramW6432" value="C:\Program Files"/>
    <property name="TMP" value="C:\Users\3C8A~1\AppData\Local\Temp"/>
    <property name="Cmd" value="reg query &quot;HKEY_LOCAL_MACHINE\SOFTWARE\JavaSoft\Java Development Kit&quot; /s"/>
    <property name="sun.cpu.endian" value="little"/>
    <property name="SystemDrive" value="C:"/>
    <property name="java.vm.version" value="25.40-b25"/>
    <property name="java.class.path" value="C:\Users\Иван\.jenkins\plugins\maven-plugin\WEB-INF\lib\maven31-agent-1.5.jar;C:\Program Files (x86)\apache-maven-3.2.5\boot\plexus-classworlds-2.5.2.jar;C:\Program Files (x86)\apache-maven-3.2.5/conf/logging"/>
    <property name="org.slf4j.simpleLogger.defaultLogLevel" value="info"/>
    <property name="os.arch" value="amd64"/>
    <property name="WORKSPACE" value="C:\Users\Иван\.jenkins\jobs\eLibrary\workspace"/>
    <property name="ComSpec" value="C:\Windows\system32\cmd.exe"/>
    <property name="sun.java.launcher" value="SUN_STANDARD"/>
    <property name="JDKKeyName32" value="HKEY_LOCAL_MACHINE\SOFTWARE\Wow6432Node\JavaSoft\Java Development Kit"/>
    <property name="SystemRoot" value="C:\Windows"/>
    <property name="CommonProgramFiles" value="C:\Program Files\Common Files"/>
    <property name="java.vm.specification.vendor" value="Oracle Corporation"/>
    <property name="file.separator" value="\"/>
    <property name="java.runtime.version" value="1.8.0_40-b25"/>
    <property name="ProgramFiles" value="C:\Program Files"/>
    <property name="sun.boot.class.path" value="C:\Program Files\Java\jdk1.8.0_40\jre\lib\resources.jar;C:\Program Files\Java\jdk1.8.0_40\jre\lib\rt.jar;C:\Program Files\Java\jdk1.8.0_40\jre\lib\sunrsasign.jar;C:\Program Files\Java\jdk1.8.0_40\jre\lib\jsse.jar;C:\Program Files\Java\jdk1.8.0_40\jre\lib\jce.jar;C:\Program Files\Java\jdk1.8.0_40\jre\lib\charsets.jar;C:\Program Files\Java\jdk1.8.0_40\jre\lib\jfr.jar;C:\Program Files\Java\jdk1.8.0_40\jre\classes"/>
    <property name="PATH+JDK" value="C:\Program Files\Java\jdk1.8.0_40/bin"/>
    <property name="user.country" value="RU"/>
    <property name="=ExitCode" value="00000000"/>
    <property name="POM_PACKAGING" value="pom"/>
    <property name="maven.home" value="C:\Program Files (x86)\apache-maven-3.2.5"/>
    <property name="java.vendor" value="Oracle Corporation"/>
    <property name="POM_DISPLAYNAME" value="eLibrarySpring"/>
    <property name="java.specification.version" value="1.8"/>
    <property name="sun.arch.data.model" value="64"/>
  </properties>
  <testcase classname="by.jd2.library.AppTest" name="testApp" time="0.004"/>
</testsuite>