<?xml version="1.0" encoding="UTF-8"?>
<testsuite name="by.jd2.library.AppTest" tests="1" skipped="0" failures="0" errors="0" timestamp="2015-04-26T10:59:24" hostname="homePC" time="0.0">
  <properties/>
  <testcase name="testApp" classname="by.jd2.library.AppTest" time="0.0"/>
  <system-out><![CDATA[]]></system-out>
  <system-err><![CDATA[]]></system-err>
</testsuite>
